> Task :app:preBuild UP-TO-DATE
> Task :app:preDebugBuild UP-TO-DATE
> Task :app:mergeDebugNativeDebugMetadata NO-SOURCE
> Task :app:checkKotlinGradlePluginConfigurationErrors
> Task :app:dataBindingMergeDependencyArtifactsDebug UP-TO-DATE
> Task :app:generateDebugResValues UP-TO-DATE
> Task :app:generateDebugResources UP-TO-DATE
> Task :app:mergeDebugResources UP-TO-DATE
> Task :app:packageDebugResources UP-TO-DATE
> Task :app:parseDebugLocalResources UP-TO-DATE
> Task :app:dataBindingGenBaseClassesDebug UP-TO-DATE
> Task :app:generateSafeArgsDebug UP-TO-DATE
> Task :app:checkDebugAarMetadata UP-TO-DATE
> Task :app:mapDebugSourceSetPaths UP-TO-DATE
> Task :app:createDebugCompatibleScreenManifests UP-TO-DATE
> Task :app:extractDeepLinksDebug UP-TO-DATE
> Task :app:processDebugMainManifest UP-TO-DATE
> Task :app:processDebugManifest UP-TO-DATE
> Task :app:processDebugManifestForPackage UP-TO-DATE
> Task :app:processDebugResources UP-TO-DATE
> Task :app:javaPreCompileDebug UP-TO-DATE
> Task :app:mergeDebugShaders UP-TO-DATE
> Task :app:compileDebugShaders NO-SOURCE
> Task :app:generateDebugAssets UP-TO-DATE
> Task :app:mergeDebugAssets UP-TO-DATE
> Task :app:compressDebugAssets UP-TO-DATE
> Task :app:desugarDebugFileDependencies UP-TO-DATE
> Task :app:checkDebugDuplicateClasses UP-TO-DATE
> Task :app:mergeExtDexDebug UP-TO-DATE
> Task :app:mergeLibDexDebug UP-TO-DATE
> Task :app:mergeDebugJniLibFolders UP-TO-DATE
> Task :app:mergeDebugNativeLibs NO-SOURCE
> Task :app:stripDebugDebugSymbols NO-SOURCE
> Task :app:validateSigningDebug UP-TO-DATE
> Task :app:writeDebugAppMetadata UP-TO-DATE
> Task :app:writeDebugSigningConfigVersions UP-TO-DATE
> Task :app:kaptGenerateStubsDebugKotlin
> Task :app:kaptDebugKotlin

> Task :app:compileDebugKotlin
./gradlew : e: file://
/Z:/pesapulse/app/src/
main/kotlin/com/pesapu
lse/ui/viewmodel/Trans
actionViewModel.kt:20:
95 Type mismatch: 
inferred type is 
Double? but 
BigDecimal? was 
expected
At line:1 char:65
+ ... tudio\jbr"; 
./gradlew 
assembleDebug 
--stacktrace > 
build_log_accuracy ...
+                 ~~~~
~~~~~~~~~~~~~~~~~~~~~~
~~~~~~~~~~~~~~~~~~~~~~
~~~~~~~~~
    + CategoryInfo    
          : NotSpeci  
  fied: (e: file://   
 /Z:/p...l? was ex    
pected:String) []    
, RemoteException
    + FullyQualifiedE 
   rrorId : NativeCo  
  mmandError
 
e: file:///Z:/pesapuls
e/app/src/main/kotlin/
com/pesapulse/ui/viewm
odel/TransactionViewMo
del.kt:21:99 Type 
mismatch: inferred 
type is Double? but 
BigDecimal? was 
expected

> Task :app:compileDebugKotlin FAILED

FAILURE: Build failed 
with an exception.

* What went wrong:
Execution failed for 
task ':app:compileDebu
gKotlin'.
> A failure occurred 
while executing org.je
tbrains.kotlin.compile
rRunner.GradleCompiler
RunnerWithWorkers$Grad
leKotlinCompilerWorkAc
tion
   > Compilation 
error. See log for 
more details

* Try:
> Run with --info or 
--debug option to get 
more log output.
> Run with --scan to 
get full insights.
> Get more help at htt
ps://help.gradle.org.

* Exception is:
org.gradle.api.tasks.T
askExecutionException:
 Execution failed for 
task ':app:compileDebu
gKotlin'.
	at org.gradle.api.int
ernal.tasks.execution.
ExecuteActionsTaskExec
uter.lambda$executeIfV
alid$1(ExecuteActionsT
askExecuter.java:148)
	at org.gradle.interna
l.Try$Failure.ifSucces
sfulOrElse(Try.java:28
2)
	at org.gradle.api.int
ernal.tasks.execution.
ExecuteActionsTaskExec
uter.executeIfValid(Ex
ecuteActionsTaskExecut
er.java:146)
	at org.gradle.api.int
ernal.tasks.execution.
ExecuteActionsTaskExec
uter.execute(ExecuteAc
tionsTaskExecuter.java
:134)
	at org.gradle.api.int
ernal.tasks.execution.
FinalizePropertiesTask
Executer.execute(Final
izePropertiesTaskExecu
ter.java:46)
	at org.gradle.api.int
ernal.tasks.execution.
ResolveTaskExecutionMo
deExecuter.execute(Res
olveTaskExecutionModeE
xecuter.java:51)
	at org.gradle.api.int
ernal.tasks.execution.
SkipTaskWithNoActionsE
xecuter.execute(SkipTa
skWithNoActionsExecute
r.java:57)
	at org.gradle.api.int
ernal.tasks.execution.
SkipOnlyIfTaskExecuter
.execute(SkipOnlyIfTas
kExecuter.java:74)
	at org.gradle.api.int
ernal.tasks.execution.
CatchExceptionTaskExec
uter.execute(CatchExce
ptionTaskExecuter.java
:36)
	at org.gradle.api.int
ernal.tasks.execution.
EventFiringTaskExecute
r$1.executeTask(EventF
iringTaskExecuter.java
:77)
	at org.gradle.api.int
ernal.tasks.execution.
EventFiringTaskExecute
r$1.call(EventFiringTa
skExecuter.java:55)
	at org.gradle.api.int
ernal.tasks.execution.
EventFiringTaskExecute
r$1.call(EventFiringTa
skExecuter.java:52)
	at org.gradle.interna
l.operations.DefaultBu
ildOperationRunner$Cal
lableBuildOperationWor
ker.execute(DefaultBui
ldOperationRunner.java
:204)
	at org.gradle.interna
l.operations.DefaultBu
ildOperationRunner$Cal
lableBuildOperationWor
ker.execute(DefaultBui
ldOperationRunner.java
:199)
	at org.gradle.interna
l.operations.DefaultBu
ildOperationRunner$2.e
xecute(DefaultBuildOpe
rationRunner.java:66)
	at org.gradle.interna
l.operations.DefaultBu
ildOperationRunner$2.e
xecute(DefaultBuildOpe
rationRunner.java:59)
	at org.gradle.interna
l.operations.DefaultBu
ildOperationRunner.exe
cute(DefaultBuildOpera
tionRunner.java:157)
	at org.gradle.interna
l.operations.DefaultBu
ildOperationRunner.exe
cute(DefaultBuildOpera
tionRunner.java:59)
	at org.gradle.interna
l.operations.DefaultBu
ildOperationRunner.cal
l(DefaultBuildOperatio
nRunner.java:53)
	at org.gradle.interna
l.operations.DefaultBu
ildOperationExecutor.c
all(DefaultBuildOperat
ionExecutor.java:73)
	at org.gradle.api.int
ernal.tasks.execution.
EventFiringTaskExecute
r.execute(EventFiringT
askExecuter.java:52)
	at org.gradle.executi
on.plan.LocalTaskNodeE
xecutor.execute(LocalT
askNodeExecutor.java:4
2)
	at org.gradle.executi
on.taskgraph.DefaultTa
skExecutionGraph$Invok
eNodeExecutorsAction.e
xecute(DefaultTaskExec
utionGraph.java:331)
	at org.gradle.executi
on.taskgraph.DefaultTa
skExecutionGraph$Invok
eNodeExecutorsAction.e
xecute(DefaultTaskExec
utionGraph.java:318)
	at org.gradle.executi
on.taskgraph.DefaultTa
skExecutionGraph$Build
OperationAwareExecutio
nAction.lambda$execute
$0(DefaultTaskExecutio
nGraph.java:314)
	at org.gradle.interna
l.operations.CurrentBu
ildOperationRef.with(C
urrentBuildOperationRe
f.java:80)
	at org.gradle.executi
on.taskgraph.DefaultTa
skExecutionGraph$Build
OperationAwareExecutio
nAction.execute(Defaul
tTaskExecutionGraph.ja
va:314)
	at org.gradle.executi
on.taskgraph.DefaultTa
skExecutionGraph$Build
OperationAwareExecutio
nAction.execute(Defaul
tTaskExecutionGraph.ja
va:303)
	at org.gradle.executi
on.plan.DefaultPlanExe
cutor$ExecutorWorker.e
xecute(DefaultPlanExec
utor.java:463)
	at org.gradle.executi
on.plan.DefaultPlanExe
cutor$ExecutorWorker.r
un(DefaultPlanExecutor
.java:380)
	at org.gradle.interna
l.concurrent.ExecutorP
olicy$CatchAndRecordFa
ilures.onExecute(Execu
torPolicy.java:64)
	at org.gradle.interna
l.concurrent.AbstractM
anagedExecutor$1.run(A
bstractManagedExecutor
.java:47)
Caused by: org.gradle.
workers.internal.Defau
ltWorkerExecutor$WorkE
xecutionException: A 
failure occurred 
while executing org.je
tbrains.kotlin.compile
rRunner.GradleCompiler
RunnerWithWorkers$Grad
leKotlinCompilerWorkAc
tion
	at org.gradle.workers
.internal.DefaultWorke
rExecutor$WorkItemExec
ution.waitForCompletio
n(DefaultWorkerExecuto
r.java:283)
	at org.gradle.interna
l.work.DefaultAsyncWor
kTracker.lambda$waitFo
rItemsAndGatherFailure
s$2(DefaultAsyncWorkTr
acker.java:130)
	at org.gradle.interna
l.Factories$1.create(F
actories.java:31)
	at org.gradle.interna
l.work.DefaultWorkerLe
aseService.withoutLock
s(DefaultWorkerLeaseSe
rvice.java:336)
	at org.gradle.interna
l.work.DefaultWorkerLe
aseService.withoutLock
s(DefaultWorkerLeaseSe
rvice.java:319)
	at org.gradle.interna
l.work.DefaultWorkerLe
aseService.withoutLock
(DefaultWorkerLeaseSer
vice.java:324)
	at org.gradle.interna
l.work.DefaultAsyncWor
kTracker.waitForItemsA
ndGatherFailures(Defau
ltAsyncWorkTracker.jav
a:126)
	at org.gradle.interna
l.work.DefaultAsyncWor
kTracker.waitForItemsA
ndGatherFailures(Defau
ltAsyncWorkTracker.jav
a:92)
	at org.gradle.interna
l.work.DefaultAsyncWor
kTracker.waitForAll(De
faultAsyncWorkTracker.
java:78)
	at org.gradle.interna
l.work.DefaultAsyncWor
kTracker.waitForComple
tion(DefaultAsyncWorkT
racker.java:66)
	at org.gradle.api.int
ernal.tasks.execution.
TaskExecution$3.run(Ta
skExecution.java:256)
	at org.gradle.interna
l.operations.DefaultBu
ildOperationRunner$1.e
xecute(DefaultBuildOpe
rationRunner.java:29)
	at org.gradle.interna
l.operations.DefaultBu
ildOperationRunner$1.e
xecute(DefaultBuildOpe
rationRunner.java:26)
	at org.gradle.interna
l.operations.DefaultBu
ildOperationRunner$2.e
xecute(DefaultBuildOpe
rationRunner.java:66)
	at org.gradle.interna
l.operations.DefaultBu
ildOperationRunner$2.e
xecute(DefaultBuildOpe
rationRunner.java:59)
	at org.gradle.interna
l.operations.DefaultBu
ildOperationRunner.exe
cute(DefaultBuildOpera
tionRunner.java:157)
	at org.gradle.interna
l.operations.DefaultBu
ildOperationRunner.exe
cute(DefaultBuildOpera
tionRunner.java:59)
	at org.gradle.interna
l.operations.DefaultBu
ildOperationRunner.run
(DefaultBuildOperation
Runner.java:47)
	at org.gradle.interna
l.operations.DefaultBu
ildOperationExecutor.r
un(DefaultBuildOperati
onExecutor.java:68)
	at org.gradle.api.int
ernal.tasks.execution.
TaskExecution.executeA
ction(TaskExecution.ja
va:233)
	at org.gradle.api.int
ernal.tasks.execution.
TaskExecution.executeA
ctions(TaskExecution.j
ava:216)
	at org.gradle.api.int
ernal.tasks.execution.
TaskExecution.executeW
ithPreviousOutputFiles
(TaskExecution.java:19
9)
	at org.gradle.api.int
ernal.tasks.execution.
TaskExecution.execute(
TaskExecution.java:166
)
	at org.gradle.interna
l.execution.steps.Exec
uteStep.executeInterna
l(ExecuteStep.java:105
)
	at org.gradle.interna
l.execution.steps.Exec
uteStep.access$000(Exe
cuteStep.java:44)
	at org.gradle.interna
l.execution.steps.Exec
uteStep$1.call(Execute
Step.java:59)
	at org.gradle.interna
l.execution.steps.Exec
uteStep$1.call(Execute
Step.java:56)
	at org.gradle.interna
l.operations.DefaultBu
ildOperationRunner$Cal
lableBuildOperationWor
ker.execute(DefaultBui
ldOperationRunner.java
:204)
	at org.gradle.interna
l.operations.DefaultBu
ildOperationRunner$Cal
lableBuildOperationWor
ker.execute(DefaultBui
ldOperationRunner.java
:199)
	at org.gradle.interna
l.operations.DefaultBu
ildOperationRunner$2.e
xecute(DefaultBuildOpe
rationRunner.java:66)
	at org.gradle.interna
l.operations.DefaultBu
ildOperationRunner$2.e
xecute(DefaultBuildOpe
rationRunner.java:59)
	at org.gradle.interna
l.operations.DefaultBu
ildOperationRunner.exe
cute(DefaultBuildOpera
tionRunner.java:157)
	at org.gradle.interna
l.operations.DefaultBu
ildOperationRunner.exe
cute(DefaultBuildOpera
tionRunner.java:59)
	at org.gradle.interna
l.operations.DefaultBu
ildOperationRunner.cal
l(DefaultBuildOperatio
nRunner.java:53)
	at org.gradle.interna
l.operations.DefaultBu
ildOperationExecutor.c
all(DefaultBuildOperat
ionExecutor.java:73)
	at org.gradle.interna
l.execution.steps.Exec
uteStep.execute(Execut
eStep.java:56)
	at org.gradle.interna
l.execution.steps.Exec
uteStep.execute(Execut
eStep.java:44)
	at org.gradle.interna
l.execution.steps.Remo
vePreviousOutputsStep.
execute(RemovePrevious
OutputsStep.java:67)
	at org.gradle.interna
l.execution.steps.Remo
vePreviousOutputsStep.
execute(RemovePrevious
