> Task :app:preBuild UP-TO-DATE
> Task :app:preDebugBuild UP-TO-DATE
> Task :app:mergeDebugNativeDebugMetadata NO-SOURCE
> Task :app:checkKotlinGradlePluginConfigurationErrors
> Task :app:dataBindingMergeDependencyArtifactsDebug UP-TO-DATE
> Task :app:generateDebugResValues UP-TO-DATE
> Task :app:generateDebugResources UP-TO-DATE
> Task :app:mergeDebugResources UP-TO-DATE
> Task :app:packageDebugResources UP-TO-DATE
> Task :app:parseDebugLocalResources UP-TO-DATE
> Task :app:dataBindingGenBaseClassesDebug UP-TO-DATE
> Task :app:generateSafeArgsDebug UP-TO-DATE
> Task :app:checkDebugAarMetadata UP-TO-DATE
> Task :app:mapDebugSourceSetPaths UP-TO-DATE
> Task :app:createDebugCompatibleScreenManifests UP-TO-DATE
> Task :app:extractDeepLinksDebug UP-TO-DATE
> Task :app:processDebugMainManifest UP-TO-DATE
> Task :app:processDebugManifest UP-TO-DATE
> Task :app:processDebugManifestForPackage UP-TO-DATE
> Task :app:processDebugResources UP-TO-DATE
> Task :app:javaPreCompileDebug UP-TO-DATE
> Task :app:mergeDebugShaders UP-TO-DATE
> Task :app:compileDebugShaders NO-SOURCE
> Task :app:generateDebugAssets UP-TO-DATE
> Task :app:mergeDebugAssets UP-TO-DATE
> Task :app:compressDebugAssets UP-TO-DATE
> Task :app:desugarDebugFileDependencies UP-TO-DATE
> Task :app:checkDebugDuplicateClasses UP-TO-DATE
> Task :app:mergeExtDexDebug UP-TO-DATE
> Task :app:mergeLibDexDebug UP-TO-DATE
> Task :app:mergeDebugJniLibFolders UP-TO-DATE
> Task :app:mergeDebugNativeLibs NO-SOURCE
> Task :app:stripDebugDebugSymbols NO-SOURCE
> Task :app:validateSigningDebug UP-TO-DATE
> Task :app:writeDebugAppMetadata UP-TO-DATE
> Task :app:writeDebugSigningConfigVersions UP-TO-DATE
> Task :app:kaptGenerateStubsDebugKotlin
> Task :app:kaptDebugKotlin

> Task :app:compileDebugKotlin
./gradlew : e: file://
/Z:/pesapulse/app/src/
main/kotlin/com/pesapu
lse/ui/transactions/Tr
ansactionAdapter.kt:27
:72 Unresolved 
reference: dateFormat
At line:1 char:65
+ ... tudio\jbr"; 
./gradlew 
assembleDebug 
--stacktrace > 
build_log_accuracy ...
+                 ~~~~
~~~~~~~~~~~~~~~~~~~~~~
~~~~~~~~~~~~~~~~~~~~~~
~~~~~~~~~
    + CategoryInfo    
          : NotSpeci  
  fied: (e: file://   
 /Z:/p...nce: date    
Format:String) []    
, RemoteException
    + FullyQualifiedE 
   rrorId : NativeCo  
  mmandError
 

> Task :app:compileDebugKotlin FAILED

FAILURE: Build failed 
with an exception.

* What went wrong:
Execution failed for 
task ':app:compileDebu
gKotlin'.
> A failure occurred 
while executing org.je
tbrains.kotlin.compile
rRunner.GradleCompiler
RunnerWithWorkers$Grad
leKotlinCompilerWorkAc
tion
   > Compilation 
error. See log for 
more details

* Try:
> Run with --info or 
--debug option to get 
more log output.
> Run with --scan to 
get full insights.
> Get more help at htt
ps://help.gradle.org.

* Exception is:
org.gradle.api.tasks.T
askExecutionException:
 Execution failed for 
task ':app:compileDebu
gKotlin'.
	at org.gradle.api.int
ernal.tasks.execution.
ExecuteActionsTaskExec
uter.lambda$executeIfV
alid$1(ExecuteActionsT
askExecuter.java:148)
	at org.gradle.interna
l.Try$Failure.ifSucces
sfulOrElse(Try.java:28
2)
	at org.gradle.api.int
ernal.tasks.execution.
ExecuteActionsTaskExec
uter.executeIfValid(Ex
ecuteActionsTaskExecut
er.java:146)
	at org.gradle.api.int
ernal.tasks.execution.
ExecuteActionsTaskExec
uter.execute(ExecuteAc
tionsTaskExecuter.java
:134)
	at org.gradle.api.int
ernal.tasks.execution.
FinalizePropertiesTask
Executer.execute(Final
izePropertiesTaskExecu
ter.java:46)
	at org.gradle.api.int
ernal.tasks.execution.
ResolveTaskExecutionMo
deExecuter.execute(Res
olveTaskExecutionModeE
xecuter.java:51)
	at org.gradle.api.int
ernal.tasks.execution.
SkipTaskWithNoActionsE
xecuter.execute(SkipTa
skWithNoActionsExecute
r.java:57)
	at org.gradle.api.int
ernal.tasks.execution.
SkipOnlyIfTaskExecuter
.execute(SkipOnlyIfTas
kExecuter.java:74)
	at org.gradle.api.int
ernal.tasks.execution.
CatchExceptionTaskExec
uter.execute(CatchExce
ptionTaskExecuter.java
:36)
	at org.gradle.api.int
ernal.tasks.execution.
EventFiringTaskExecute
r$1.executeTask(EventF
iringTaskExecuter.java
:77)
	at org.gradle.api.int
ernal.tasks.execution.
EventFiringTaskExecute
r$1.call(EventFiringTa
skExecuter.java:55)
	at org.gradle.api.int
ernal.tasks.execution.
EventFiringTaskExecute
r$1.call(EventFiringTa
skExecuter.java:52)
	at org.gradle.interna
l.operations.DefaultBu
ildOperationRunner$Cal
lableBuildOperationWor
ker.execute(DefaultBui
ldOperationRunner.java
:204)
	at org.gradle.interna
l.operations.DefaultBu
ildOperationRunner$Cal
lableBuildOperationWor
ker.execute(DefaultBui
ldOperationRunner.java
:199)
	at org.gradle.interna
l.operations.DefaultBu
ildOperationRunner$2.e
xecute(DefaultBuildOpe
rationRunner.java:66)
	at org.gradle.interna
l.operations.DefaultBu
ildOperationRunner$2.e
xecute(DefaultBuildOpe
rationRunner.java:59)
	at org.gradle.interna
l.operations.DefaultBu
ildOperationRunner.exe
cute(DefaultBuildOpera
tionRunner.java:157)
	at org.gradle.interna
l.operations.DefaultBu
ildOperationRunner.exe
cute(DefaultBuildOpera
tionRunner.java:59)
	at org.gradle.interna
l.operations.DefaultBu
ildOperationRunner.cal
l(DefaultBuildOperatio
nRunner.java:53)
	at org.gradle.interna
l.operations.DefaultBu
ildOperationExecutor.c
all(DefaultBuildOperat
ionExecutor.java:73)
	at org.gradle.api.int
ernal.tasks.execution.
EventFiringTaskExecute
r.execute(EventFiringT
askExecuter.java:52)
	at org.gradle.executi
on.plan.LocalTaskNodeE
xecutor.execute(LocalT
askNodeExecutor.java:4
2)
	at org.gradle.executi
on.taskgraph.DefaultTa
skExecutionGraph$Invok
eNodeExecutorsAction.e
xecute(DefaultTaskExec
utionGraph.java:331)
	at org.gradle.executi
on.taskgraph.DefaultTa
skExecutionGraph$Invok
eNodeExecutorsAction.e
xecute(DefaultTaskExec
utionGraph.java:318)
	at org.gradle.executi
on.taskgraph.DefaultTa
skExecutionGraph$Build
OperationAwareExecutio
nAction.lambda$execute
$0(DefaultTaskExecutio
nGraph.java:314)
	at org.gradle.interna
l.operations.CurrentBu
ildOperationRef.with(C
urrentBuildOperationRe
f.java:80)
	at org.gradle.executi
on.taskgraph.DefaultTa
skExecutionGraph$Build
OperationAwareExecutio
nAction.execute(Defaul
tTaskExecutionGraph.ja
va:314)
	at org.gradle.executi
on.taskgraph.DefaultTa
skExecutionGraph$Build
OperationAwareExecutio
nAction.execute(Defaul
tTaskExecutionGraph.ja
va:303)
	at org.gradle.executi
on.plan.DefaultPlanExe
cutor$ExecutorWorker.e
xecute(DefaultPlanExec
utor.java:463)
	at org.gradle.executi
on.plan.DefaultPlanExe
cutor$ExecutorWorker.r
un(DefaultPlanExecutor
.java:380)
	at org.gradle.executi
on.plan.DefaultPlanExe
cutor.process(DefaultP
lanExecutor.java:116)
	at org.gradle.executi
on.taskgraph.DefaultTa
skExecutionGraph.execu
teWithServices(Default
TaskExecutionGraph.jav
a:138)
	at org.gradle.executi
on.taskgraph.DefaultTa
skExecutionGraph.execu
te(DefaultTaskExecutio
nGraph.java:123)
	at org.gradle.executi
on.SelectedTaskExecuti
onAction.execute(Selec
tedTaskExecutionAction
.java:35)
	at org.gradle.executi
on.DryRunBuildExecutio
nAction.execute(DryRun
BuildExecutionAction.j
ava:51)
	at org.gradle.executi
on.BuildOperationFirin
gBuildWorkerExecutor$E
xecuteTasks.call(Build
OperationFiringBuildWo
rkerExecutor.java:54)
	at org.gradle.executi
on.BuildOperationFirin
gBuildWorkerExecutor$E
xecuteTasks.call(Build
OperationFiringBuildWo
rkerExecutor.java:43)
	at org.gradle.interna
l.operations.DefaultBu
ildOperationRunner$Cal
lableBuildOperationWor
ker.execute(DefaultBui
ldOperationRunner.java
:204)
	at org.gradle.interna
l.operations.DefaultBu
ildOperationRunner$Cal
lableBuildOperationWor
ker.execute(DefaultBui
ldOperationRunner.java
:199)
	at org.gradle.interna
l.operations.DefaultBu
ildOperationRunner$2.e
xecute(DefaultBuildOpe
rationRunner.java:66)
	at org.gradle.interna
l.operations.DefaultBu
ildOperationRunner$2.e
xecute(DefaultBuildOpe
rationRunner.java:59)
	at org.gradle.interna
l.operations.DefaultBu
ildOperationRunner.exe
cute(DefaultBuildOpera
tionRunner.java:157)
	at org.gradle.interna
l.operations.DefaultBu
ildOperationRunner.exe
cute(DefaultBuildOpera
tionRunner.java:59)
	at org.gradle.interna
l.operations.DefaultBu
ildOperationRunner.cal
l(DefaultBuildOperatio
nRunner.java:53)
	at org.gradle.interna
l.operations.DefaultBu
ildOperationExecutor.c
all(DefaultBuildOperat
ionExecutor.java:73)
	at org.gradle.executi
on.BuildOperationFirin
gBuildWorkerExecutor.e
xecute(BuildOperationF
iringBuildWorkerExecut
or.java:40)
	at org.gradle.interna
l.build.DefaultBuildLi
fecycleController.lamb
da$executeTasks$10(Def
aultBuildLifecycleCont
roller.java:313)
	at org.gradle.interna
l.model.StateTransitio
nController.doTransiti
on(StateTransitionCont
roller.java:266)
	at org.gradle.interna
l.model.StateTransitio
nController.lambda$try
Transition$8(StateTran
sitionController.java:
177)
	at org.gradle.interna
l.work.DefaultSynchron
izer.withLock(DefaultS
ynchronizer.java:44)
	at org.gradle.interna
l.model.StateTransitio
nController.tryTransit
ion(StateTransitionCon
troller.java:177)
	at org.gradle.interna
l.build.DefaultBuildLi
fecycleController.exec
uteTasks(DefaultBuildL
ifecycleController.jav
a:304)
	at org.gradle.interna
l.build.DefaultBuildWo
rkGraphController$Defa
ultBuildWorkGraph.runW
ork(DefaultBuildWorkGr
aphController.java:220
)
	at org.gradle.interna
l.work.DefaultWorkerLe
aseService.withLocks(D
efaultWorkerLeaseServi
ce.java:264)
	at org.gradle.interna
l.work.DefaultWorkerLe
aseService.runAsWorker
Thread(DefaultWorkerLe
aseService.java:128)
	at org.gradle.composi
te.internal.DefaultBui
ldController.doRun(Def
aultBuildController.ja
va:181)
	at org.gradle.composi
te.internal.DefaultBui
ldController.access$00
0(DefaultBuildControll
er.java:50)
	at org.gradle.composi
te.internal.DefaultBui
ldController$BuildOpRu
nnable.lambda$run$0(De
faultBuildController.j
ava:198)
	at org.gradle.interna
l.operations.CurrentBu
ildOperationRef.with(C
urrentBuildOperationRe
f.java:80)
	at org.gradle.composi
te.internal.DefaultBui
ldController$BuildOpRu
nnable.run(DefaultBuil
dController.java:198)
	at org.gradle.interna
l.concurrent.ExecutorP
olicy$CatchAndRecordFa
ilures.onExecute(Execu
torPolicy.java:64)
	at org.gradle.interna
l.concurrent.AbstractM
anagedExecutor$1.run(A
bstractManagedExecutor
.java:47)
Caused by: org.gradle.
workers.internal.Defau
ltWorkerExecutor$WorkE
xecutionException: A 
failure occurred 
while executing org.je
tbrains.kotlin.compile
rRunner.GradleCompiler
RunnerWithWorkers$Grad
leKotlinCompilerWorkAc
tion
	at org.gradle.workers
.internal.DefaultWorke
rExecutor$WorkItemExec
ution.waitForCompletio
n(DefaultWorkerExecuto
r.java:283)
	at org.gradle.interna
l.work.DefaultAsyncWor
kTracker.lambda$waitFo
rItemsAndGatherFailure
s$2(DefaultAsyncWorkTr
acker.java:130)
	at org.gradle.interna
l.Factories$1.create(F
actories.java:31)
	at org.gradle.interna
l.work.DefaultWorkerLe
aseService.withoutLock
s(DefaultWorkerLeaseSe
rvice.java:336)
	at org.gradle.interna
l.work.DefaultWorkerLe
aseService.withoutLock
s(DefaultWorkerLeaseSe
rvice.java:319)
	at org.gradle.interna
l.work.DefaultWorkerLe
aseService.withoutLock
(DefaultWorkerLeaseSer
vice.java:324)
	at org.gradle.interna
l.work.DefaultAsyncWor
kTracker.waitForItemsA
ndGatherFailures(Defau
ltAsyncWorkTracker.jav
a:126)
	at org.gradle.interna
l.work.DefaultAsyncWor
kTracker.waitForItemsA
ndGatherFailures(Defau
ltAsyncWorkTracker.jav
a:92)
	at org.gradle.interna
l.work.DefaultAsyncWor
kTracker.waitForAll(De
